[    0.000000] Initializing cgroup subsys cpuset
[    0.000000] Initializing cgroup subsys cpu
[    0.000000] Initializing cgroup subsys cpuacct
[    0.000000] Linux version 4.4.0-178-generic (buildd@lgw01-amd64-017) (gcc version 5.4.0 20160609 (Ubuntu 5.4.0-6ubuntu1~16.04.12) ) #208-Ubuntu SMP Sun Apr 5 23:45:10 UTC 2020 (Ubuntu 4.4.0-178.208-generic 4.4.217)
[    0.000000] Command line: BOOT_IMAGE=/boot/vmlinuz-4.4.0-178-generic root=LABEL=cloudimg-rootfs ro console=tty1 console=ttyS0
[    0.000000] KERNEL supported cpus:
[    0.000000]   Intel GenuineIntel
[    0.000000]   AMD AuthenticAMD
[    0.000000]   Centaur CentaurHauls
[    0.000000] x86/fpu: xstate_offset[2]:  576, xstate_sizes[2]:  256
[    0.000000] x86/fpu: Supporting XSAVE feature 0x01: 'x87 floating point registers'
[    0.000000] x86/fpu: Supporting XSAVE feature 0x02: 'SSEegister'
[    0.000000] x86/fpu: Supporting XSAVE feature 0x04: 'AVX registers'
[    0.000000] x86/fpu: Enabled xstate features 0x7, context size is 832 bytes, using 'standard' format.
[    0.000000] e820: BIOS-provided physical RAM map:
[    0.000000] BIOS-e820: [mem 0x0000000000000-0x000000000009fbff] usable
[    0.000000] BIOS-e820: [mem 0x000000000009fc00-0x000000000009ffff] reserved
[    0.000000] BIOS-e820: [mem 0x00000000000f0000-0x00000000000fffff] reserved
[    0.000000] BIOS-e820: [mem 0x0000000000100000-0x000000003ffeffff] usable
[    0.000000] BIOS-e820: [mem 0x000000003fff0000-0x000000003fffffff] ACPI data
[    0.000000] BIOS-e820: [mem 0x00000000fec00000-0x00000000fec00fff] reserved
[    0.000000] BIOS-e820: [mem 0x00000000fee00000-0x00000000fee00fff] reserved
[    0.000000] BIOS-e820: [mem 0x00000000fffc0000-0x00000000ffffffff] reserved
[    0.000000] NX (Execute Disable) protection: active
[    0.000000] SMBIOS 2.5 present.
[    0.000000] Hypervisor detected: KVM
[    0.000000] e820: last_pfn = 0x3fff0 max_arch_pfn = 0x400000000
[    0.000000] MTRR: Disabled
[    0.000000] x86/PAT: MTRRs disabled, skipping PAT initialization too.
[    0.000000] CPU MTRRs all blank - virtualized system.
[    0.000000] x86/PAT: Configuration [0-7]: WB  WT  UC- UC  WB  WT  UC- UC  
[    0.000000] found SMP MP-table at [mem 0x0009fff0-0x0009ffff] mapped at [ffff88000009fff0]
[    0.000000] Scanning 1 areas for low memory corruption
[    0.000000] RAMDISK: [mem 0x362e0000-0x37167fff]
[    0.000000] ACPI: Early table checksum verification disabled
[    0.000000] ACPI: RSDP 0x00000000000E0000 000024 (v02 VBOX  )
[    0.000000] ACPI: XSDT 0x000000003FFF0030 00003C (v01 VBOX   VBOXXSDT 00000001 ASL  00000061)
[    0.000000] ACPI: FACP 0x000000003FFF00F0 0000F4 (v04 VBOX   VBOXFACP 00000001 ASL  00000061)
[    0.000000] ACPI: DSDT 0x000000003FFF0470 0021FF (v02 VBOX   VBOXBIOS 00000002 INTL 20180105)
[    0.000000] ACPI: FACS 0x000000003FFF0200 000040
[    0.000000] ACPI: FACS 0x000000003FFF0200 000040
[    0.000000] ACPI: APIC 0x000000003FFF0240 00005C (v02 VBOX   VBOXAPIC 00000001 ASL  00000061)
[    0.000000] ACPI: SSDT 0x000000003FFF02A0 0001CC (v01 VBOX   VBOXCPUT 00000002 INTL 20180105)
[    0.000000] No NUMA configuration found
[    0.000000] Faking a node at [mem 0x0000000000000000-0x000000003ffeffff]
[   .00000] NODE_DATA(0) allocated [mem 0x3ffeb000-0x3ffeffff]
[    0.000000] kvm-clock: Using msrs 4b564d01 and 4b564d00
[    0.000000] kvm-clock: cpu 0, msr 0:3ffe3001, primary cpu clock
[    0.000000] kvm-clock: using sched offset of 3439405773 cycles
[    0.000000] clocksource: kvm-clock: mask: 0xffffffffffffffff max_cycles: 0x1cd42e4dffb, max_idle_ns: 881590591483 ns
[    0.000000] Zone ranges:
[    0.000000]   DMA      [mem 0x0000000000001000-0x0000000000ffffff]
[    0.000000]   DMA32    [mem 0x0000000001000000-0x000000003ffeffff]
[    0.000000]   Normal   empty
[    0.000000]   Device   empty
[    0.000000] Movable zone start for each node
[    0.000000] Early memory node ranges
[    0.000000]   node   0: [mem 0x0000000000001000-0x000000000009efff]
[    0.000000]   node   0: [mem 0x0000000000100000-0x000000003ffeffff]
[    0.000000] Initmem setup node 0 [mem 0x0000000000001000-0x000000003ffeffff]
[    0.000000] ACPI: PM-Timer IO Port: 0x4008
[    0.000000] IOAPIC[0]: apic_id 2, version 32, address 0xfec00000, GSI 0-23
[    0.000000] ACPI: INT_SRC_OVR (bus 0 bus_irq 0 global_irq 2 dfl dfl)
[    0.000000] ACPI: INT_SRC_OVR (bus 0 bus_irq 9 global_irq 9 low level)
[    0.000000] Using ACPI (MADT) for SMP configuration information
[    0.000000] smpboot: Allowing 2 CPUs, 0 hotpg CPUs
[    0.000000] PM: Registered nosave memory: [mem 0x00000000-0x00000fff]
[    0.000000] PM: Regtered nosave memory: [mem 0x0009f000-0x0009ffff]
[    0.000000] PM: Registered nosave memory: [mem 0x000a0000-0x000effff]
[    0.000000] PM: Registered nosave memory: [mem 0x000f0000-0x000fffff]
[    0.000000] e820: [mem 0x40000000-0xfebfffff] available for PCI devices
[    0.000000] Booting paravirtualized kernel on KVM
[    0.000000] clocksource: refined-jiffies: mask: 0xffffffff max_cycles: 0xffffffff, max_idle_ns: 7645519600211568 ns
[    0.000000] setup_percpu: NR_CPUS:512 nr_cpumask_bits:512 nr_cpu_ids:2 nr_node_ids:1
[    0.000000] PERCPU: Embedded 33 pages/cpu @ffff88003fc00000 s95448 r8192 d31528 u1048576
[    0.000000] Built 1 zonelists in Node order, mobility grouping on.  Total pages: 257912
[    0.000000] Policy zone: DMA32
[    0.000000] Kernel command line: BOOT_IMAGE=/boot/vmlinuz-4.4.0-178-generic root=LABEL=cloudimg-rootfs ro console=tty1 console=ttyS0
[    0.000000] D hash table entries: 4096 (order: 3, 32768 bytes)
[    0.000000] Memory: 997672K/1048120K available (8626K kernel code, 1336K rwdata, 4036K rodata, 1488K init, 1292K bss, 50448K reserved, 0K cma-reserved)
[    0.000000] SLUB: HWalign=64, Order=0-3, MinObjects=0, CPUs=2, Nodes=1
[    0.000000] Kernel/User page tables isolation: enabled
[    0.000000] Hierarchical RCU implementation.
[    0.000000] 	Build-time adjustment of leaf fanout to 64.
[    0.000000] 	RCU restricting CPUs from NR_CPUS=512 to nr_cpu_ids=2.
[    0.000000] RCU: Adjusting geometry for rcu_fanout_leaf=64, nr_cpu_ids=2
[    0.000000] NR_IRQS:33024 nr_irqs:440 16
[    0.000000] Console: colour VGA+ 80x25
[    0.000000] console [tty1] enabled[    0.000000] console [ttS0] enabled

[    0.000000] tsc: Detected 2693.764 MHz processor
[    0.642313] Calibrating delay loop (skipped) preset value.. 5387.52 BogoMIPS (lpj=10775056)
[    0.654836] pid_max: default: 32768 minimum: 301
[    0.655851] ACPI: Core revision 20150930
[    0.657600] ACPI: 2 ACPI AML tables successfully acquired and loaded
[    0.661572] Security Framework initialized
[    0.662526] Yama: becoming mindful.
[    0.668637] AppArmor: AppArmor initialized
[    0.669587] Dentry cache hash table entries: 131072 (order: 8, 1048576 bytes)
[    0.671491] Inode-cache hash table entries: 65536 (order: 7, 524288 bytes)
[    0.672676] Mount-cache hash table entries: 2048 (order: 2, 16384 bytes)
[    0.688833] Mountpoint-cache hash table entries: 2048 (order: 2, 16384 bytes)
[    0.701321] Initializing cgroup subsys io
[    0.702438] Initializing cgroup subsys memory
[    0.703640] Initializing cgroup subsys devices
[    0.704807] Initializing cgroup subsys freezer
[    0.710058] Initializing cgroup subsys net_cls
[    0.716519] Initializing cgroup subsys perf_event
[    0.722887] Initializing cgroup subsys net_prio
[    0.723900] Initializing cgroup subsys hugetlb
[    0.724879] Initializing cgroup subsys pids
[    0.726849] mce: CPU supports 0 MCE banks
[    0.727814] Last level iTLB entries: 4KB 1024, 2MB 1024, 4MB 1024
[    0.739469] Last level dTLB entries: 4KB 1024, 2MB 1024, 4MB 1024, 1GB 4
[    0.740553] Spectre V1 : Mitigation: usercopy/swapgs barriers and __user pointer sanitization
[    0.742130] Spectre V2 : Mitigation: Full generic retpoline
[    0.743095] Spectre V2 : Spectre v2 / SpectreRSB mitigation: Filling RSB on context switch
[    0.749903] Speculative Store Bypass: Vulnerable
[    0.750853] MDS: Mitigation: Clear CPU buffers
[    0.753793] Freeing SMP alternatives memory: 36K
[    0.771694] ftrace: allocating 32308 entries in 127 pages
[    0.823911] smpboot: APIC(0) Converting physical 0 to logical package 0
[    0.825167] smpboot: Max logical packages: 1
[    0.830436] x2apic enabled
[    0.831364] Switched APIC routing to physical x2apic.
[    0.833495] ..TIMER: vector=0x30 apic1=0 pin1=2 apic2=-1 pin2=-1
[    0.942861] smpboot: CPU0: Intel(R) Core(TM) i7-4600U CPU @ 2.10GHz (family: 0x6, model: 0x45, stepping: 0x1)
[    0.945253] Performance Events: unsupported p6 CPU model 69 no PMU driver, software events only.
[    0.962096] KVM setup paravirtual spinlock
[    0.963819] x86: Booting SMP configuration:
[    0.964767] .... node  #0, CPUs:      #1
[    0.965809] kvm-clock: cpu 1, msr 0:3ffe3041, secondary cpu clock
[    0.967789] mce: CPU supports 0 MCE banks
[    0.970445] x86: Booted up 1 node, 2 CPUs
[    0.971501] smpboot: Total of 2 processors activated (10775.05 BogoMIPS)
[    0.972971] devtmpfs: initialized
[    0.975047] evm: security.selinux
[    0.975766] evm: security.SMACK64
[    0.976425] evm: security.SMACK64EXEC
[    0.977121] evm: security.SMACK64TRANSMUTE
[    1.002484] evm: security.SMACK64MMAP
[    1.015244] evm: security.ima
[    1.016175] evm: security.capability
[    1.017481] clocksource: jiffies: mask: 0xffffffff max_cycles: 0xffffffff, max_idle_ns: 7645041785100000 ns
[    1.025271] futex hash table entries: 512 (order: 3, 32768 bytes)
[    1.032935] pinctrl core: initialized pinctrl subsystem
[    1.033999] RTC time:  7:34:33, date: 05/09/20
[    1.035384] NET: Registered protocol family 16
[    1.054881] cpuidle: using governor ladder
[    1.094985] cpuidle: using governor menu
[    1.101409] PCCT header not found.
[    1.108900] ACPI: bus type PCI registered
[    1.116669] acpiphp: ACPI Hot Plug PCI Controller Driver version: 0.5
[    1.130008] PCI: Using configuration type 1 for base access
[    1.144023] ACPI: Added _OSI(Module Device)
[    1.172766] ACPI: Added _OSI(Processor Device)
[    1.173606] ACPI: Added _OSI(3.0 _SCP Extensions)
[    1.174440] ACPI: Added _OSI(Processor Aggregator Device)
[    1.176358] ACPI: Executed 1 blocks of module-level executable AML code
[    1.195689] ACPI: Interpreter enabled
[    1.196567] ACPI: (supports S0 S5)
[    1.197375] ACPI: Using IOAPIC for interrupt routing
[    1.198672] PCI: Using host bridge windows from ACPI; if necessary, use "pci=nocrs" and report a bug
[    1.206095] ACPI: PCI Root Bridge [PCI0] (domain 0000 [bus 00-ff])
[    1.218835] acpi PNP0A03:00: _OSC: OS supports [ASPM ClockPM Segments MSI]
[    1.220258] acpi PNP0A03:00: _OSC: not requesting OS control; OS requires [ExtendedConfig ASPM ClockPM MSI]
[    1.244777] acpi PNP0A03:00: fail to add MMCONFIG information, can't access extended PCI configuration space under this bridge.
[    1.253150] PCI host bridge to bus 0000:00
[    1.254277] pci_bus 0000:00: root bus resource [io  0x0000-0x0cf7 window]
[    1.255912] pci_bus 0000:00: root bus resource [io  0x0d00-0xffff window]
[    1.262690] pci_bus 0000:00: root bus resource [mem 0x000a0000-0x000bffff window]
[    1.264384] pci_bus 0000:00: root bus resource [mem 0x40000000-0xfdffffff window]
[    1.265908] pci_bus 0000:00: root bus resource [bus 00-ff]
[    1.268425] pci 0000:00:01.1: legacy IDE quirk: reg 0x10: [io  0x01f0-0x01f7]
[    1.269597] pci 0000:00:01.1: legacy IDE quirk: reg 0x14: [io  0x03f6]
[    1.270672] pci 0000:00:01.1: legacy IDE quirk: reg 0x18: [io  0x0170-0x0177]
[    1.271847] pci 0000:00:01.1: legacy IDE quirk: reg 0x1c: [io  0x0376]
[    1.295978] pci 0000:00:07.0: quirk: [io  0x4000-0x403f] claimed by PIIX4 ACPI
[    1.300628] pci 0000:00:07.0: quirk: [io  0x4100-0x410f] claimed by PIIX4 SMB
[    1.308340] ACPI: PCI Interrupt Link [LNKA] (IRQs 5 9 10 *11)
[    1.309974] ACPI: PCI Interrupt Link [LNKB] (IRQs 5 9 *10 11)
[    1.316750] ACPI: PCI Interrupt Link [LNKC] (IRQs 5 *9 10 11)
[    1.318353] ACPI: PCI Interrupt Link [LNKD] (IRQs 5 9 10 *11)
[    1.320055] ACPI: Enabled 2 GPEs in block 00 to 07
[    1.331939] vgaarb: setting as boot device: PCI:0000:00:02.0
[    1.338900] vgaarb: device added: PCI:0000:00:02.0,decodes=io+mem,owns=io+mem,locks=none
[    1.341657] vgaarb: loaded
[    1.342241] vgaarb: bridge control possible 0000:00:02.0
[    1.343480] SCSI subsystem initialized
[    1.344330] ACPI: bus type USB registered
[    1.345242] usbcore: registered new interface driver usbfs
[    1.347464] usbcore: registered new interface driver hub
[    1.353882] usbcore: registered new device driver usb
[    1.367773] PCI: Using ACPI for IRQ routing
[    1.369346] NetLabel: Initializing
[    1.382132] NetLabel:  domain hash size = 128
[    1.410365] NetLabel:  protocols = UNLABELED CIPSOv4
[    1.420087] NetLabel:  unlabeled traffic allowed by default
[    1.421518] amd_nb: Cannot enumerate AMD northbridges
[    1.422698] clocksource: Switched to clocksource kvm-clock
[    1.440789] AppArmor: AppArmor Filesystem Enabled
[    1.467594] pnp: PnP ACPI init
[    1.469088] pnp: PnP ACPI: found 3 devices
[    1.479788] clocksource: acpi_pm: sk: 0xffffff max_cycles: 0xffffff, max_idle_ns: 2085701024ns
[    1.551491] NET: Registered protocol family 2
[    1.552777] TCP established hash table entries: 8192 (order: 4, 65536 bytes)
   .587733] TCP bind hash table entries: 8192 (order: 5, 131072 bytes)
[    1.655545] TCP: Hash tables configured (established 8192 bind 8192)
[    1.656777] UDP hash table entries: 512 rder: 2, 16384 bytes)
[   1.701263] UDP-Lite hash table entries: 512 (order: 2, 16384 bytes)
[    1.723799] NET: Registered protocol family 1
[    1.4826] pci 0000:00:00.0: Limiting direct PCI/PCI transfers
[    1.769242] pci 0000:00:01.0: Activating ISA DMA hang workarounds
[    1.770654] Unpacking initramfs...

[    1.977489] Freeing initrd memory: 14880K
[    1.981369] RAPL PMU detected, API unit is 2^-32 Joules, 4 fixed counters 10737418240 ms ovfl timer
[    2.000430] hw unit of domain pp0-core 2^-0 Joules
[    2.001682] hw unit of domain package 2^-0 Joules
[    2.002919] hw unit of domain dram 2^-0 Joules
[    2.004125] hw unit of domain pp1-gpu 2^-0 Joules
[    2.030640] clocksource: tsc: mask: 0xffffffffffffffff max_cycles: 0x26d43bb7f27, max_idle_ns: 440795270902 ns
[    2.032785] platform rtc_cmos: registered platform RTC device (no PNP device found)
[    2.037884] Scanning for low memory corruption every 60 seconds
[    2.039902] audit: initializing netlink subsys (disabled)
[    2.041269] audit: type=2000 audit(1589009678.356:1): initialized
[    2.076910] Initialise system trusted keyring
[    2.126850] HugeTLB registered 2 MB page size, pre-allocated 0 pages
[    2.208468] zbud: loaded
[    2.209817] VFS: Disk quotas dquot_6.6.0
[    2.221637] VFS: Dquot-cache hash table entries: 512 (order 0, 4096 bytes)
[    2.246880] squashfs: version 4.0 (2009/01/31) Phillip Lougher
[    2.248456] fuse init (API version 7.23)
[    2.249704] Key type big_key registered
[    2.250798] Allocating IMA MOK and blacklist keyrings.
[    2.327599] Key type asymmetric registered
[    2.328574] Asymmetric key parser 'x509' registered
[    2.341660] Block layer SCSI generic (bsg) driver version 0.4 loaded (major 249)
[    2.343494] io scheduler noop registered
[    2.344513] io scheduler deadline registered (default)
[    2.345676] io scheduler cfq registered
[    2.346675] pci_hotplug: PCI Hot Plug PCI Core version: 0.5
[    2.388738] pciehp: PCI Express Hot Plug Controller Driver version: 0.4
[    2.392553] ACPI: AC Adapter [AC] (on-line)
[    2.395235] input: Power Button as /devices/LNXSYSTM:00/LNXPWRBN:00/input/input0
[    2.400195] ACPI: Power Button [PWRF]
[    2.402592] input: Sleep Button as /devices/LNXSYSTM:00/LNXSLPBN:00/input/input1
[    2.407364] ACPI: Sleep Button [SLPF]
[    2.411983] ACPI: Battery Slot [BAT0] (battery present)
[    2.416544] GHES: HEST is not enabled!
[    2.420673] Serial: 8250/16550 driver, 32 ports, IRQ sharing enabled
[    2.478082] 00:02: ttyS0 at I/O 0x3f8 (irq = 4, base_baud = 115200) is a 16550A
[    2.493279] Linux agpgart interface v0.103
[    2.520696] loop: module loaded
[    2.536775] scsi host0: ata_piix
[    2.539932] scsi host1: ata_piix
[    2.549032] ata1: PATA max UDMA/33 cmd 0x1f0 ctl 0x3f6 bmdma 0xd000 irq 14
[    2.552029] ata2: PATA max UDMA/33 cmd 0x170 ctl 0x376 bmdma 0xd008 irq 15
[    2.597717] libphy: Fixed MDIO Bus: probed
[    2.599324] tun: Universal TUN/TAP device driver, 1.6
[    2.600617] tun: (C) 1999-2004 Max Krasnyansky <maxk@qualcomm.com>
[    2.616775] PPP generic driver version 2.4.2
[    2.638033] ehci_hcd: USB 2.0 'Enhanced' Host Controller (EHCI) Driver
[    2.666266] ehci-pci: EHCI PCI platform driver
[    2.726426] ehci-platform: EHCI generic platform driver
[    2.796328] ohci_hcd: USB 1.1 'Open' Host Controller (OHCI) Driver
[    2.939026] ohci-pci: OHCI PCI platform driver
[    3.007997] ohci-platform: OHCI generic platform driver
[    3.009302] uhci_hcd: USB Universal Host Controller Interface driver
[    3.012450] i8042: NNP: PS/2 Controller [PNP0303:PS2K,PNP0f03:PS2M] at 0x60,0x64 irq 1,12
[    3.137997] serio: i8042 KBD port at 0x60,0x64 irq 1
[    3.156215] serio: i8042 AUX port at 0x60,0x64 irq 12
[    3.157646] mousedev: PS/2 mouse device common for all mice
[    3.159898] input: AT Translated Set 2 keyboard as /devices/platform/i8042/serio0/input/input2
[    3.226840] rtc_cmos rtc_cmos: rtc core: registered rtc_cmos as rtc0
[    3.238661] rtc_cmos rtc_cmos: alarms up to one day, 114 bytes nvram
[    3.239786] i2c /dev entries driver
[    3.240555] device-mapper: uevent: version 1.0.3
[    3.241529] device-mapper: ioctl: 4.34.0-ioctl (2015-10-28) initialised: dm-devel@redhat.com
[    3.248488] ledtrig-cpu: registered to indicate activity on CPUs
[    3.275158] NET: Registered protocol family 10
[    3.282478] NET: Registered protocol family 17
[    3.320944] Key type dns_resolver registered
[    3.323772] registered taskstats version 1
[    3.325459] Loading compiled-in X.509 certificates
[    3.328101] Loaded X.509 cert 'Build time autogenerated kernel key: f33c437cc9123d9712070bdfe932b55b24c56047'
[    3.351788] zswap: loaded using pool lzo/zbud
[    3.361425] Key type trusted registered
[    3.377095] Key type encrypted registered
[    3.388643] AppArmor: AppArmor sha1 policy hashing enabled
[    3.389828] ima: No TPM chip found, activating TPM-bypass!
[    3.391007] ima: Allocated hash algorithm: sha1
[    3.403150] evm: HMAC attrs: 0x1
[    3.409620]   Magic number: 4:439:571
[    3.415923] rtc_cmos rtc_cmos: setting system clock to 2020-05-09 07:34:35 UTC (1589009675)
[    3.417923] BIOS EDD facility v0.16 2004-Jun-25, 0 devices found
[    3.426509] EDD information not available.
[    3.439313] Freeing unused kernel memory: 1488K
[    3.440357] Write protecting the kernel read-only data: 14336k
[    3.447985] Freeing unused kernel memory: 1604K
[    3.460343] Freeing unused kernel memory: 60K
Loading, please [    3.477358] random: systemd-udevd: uninitialized urandom read (16 bytes read, 2 bits of entropy available)
wait...
startin[    3.478452] random: udevadm: uninitialized urandom read (16 bytes read, 2 bits of entropy available)
g version 229
[    3.478478] random: udevadm: uninitialized urandom read (16 bytes read, 2 bits of entropy available)
[    3.491074] random: udevadm: uninitialized urandom read (16 bytes read, 2 bits of entropy available)
[    3.491137] random: udevadm: uninitialized urandom read (16 bytes read, 2 bits of entropy available)
[    3.491292] random: udevadm: uninitialized urandom read (16 bytes read, 2 bits of entropy available)
[    3.491341] random: udevadm: uninitialized urandom read (16 bytes read, 2 bits of entropy available)
[    3.491418] random: udevadm: uninitialized urandom read (16 bytes read, 2 bits of entropy available)
[    3.491486] random: udevadm: uninitialized urandom read (16 bytes read, 2 bits of entropy available)
[    3.491531] random: udevadm: uninitialized urandom read (16 bytes read, 2 bits of entropy available)
[    3.634163] Fusion MPT base driver 3.04.20
[    3.637058] Copyright (c) 1999-2008 LSI Corporation
[    3.656426] e1000: Intel(R) PRO/1000 Network Driver - version 7.3.21-k8-NAPI
[    3.659923] e1000: Copyright (c) 1999-2006 Intel Corporation.
[    3.678593] Fusion MPT SPI Host driver 3.04.20
[    3.686359] AVX2 version of gcm_enc/dec engaged.
[    3.687760] AES CTR mode by8 optimization enabled
[    3.883270] input: ImExPS/2 Generic Explorer Mouse as /devices/platform/i8042/serio1/input/input4
[    4.071510] e1000 0000:00:03.0 eth0: (PCI:33MHz:32-bit) 02:7c:3b:f4:17:68
[    4.712070] e1000 0000:00:03.0 eth0: Intel(R) PRO/1000 Network Connection
[    4.728095] e1000 0000:00:03.0 enp0s3: renamed from eth0
[    4.739007] mptbase: ioc0: Initiating bringup
[    4.802970] ioc0: LSI53C1030 A0: Capabilities={Initiator}
[    5.024327] scsi host2: ioc0: LSI53C1030 A0, FwRev=00000000h, Ports=1, MaxQ=256, IRQ=20
[    5.175497] scsi 2:0:0:0: Direct-Access     VBOX     HARDDISK         1.0  PQ: 0 ANSI: 5
[    5.184413] scsi target2:0:0: Beginning Domain Validation
[    5.213728] scsi target2:0:0: Domain Validation skipping write tests
[    5.252347] scsi target2:0:0: Ending Domain Validation
[    5.264387] scsi target2:0:0: asynchronous
[    5.294225] scsi 2:0:1:0: Direct-Access     VBOX     HARDDISK         1.0  PQ: 0 ANSI: 5
[    5.317578] scsi target2:0:1: Beginning Domain Validation
[    6.025614] scsi target2:0:1: Domain Validation skipping write tests
[    6.033359] scsi target2:0:1: Ending Domain Validation
[    6.057773] scsi target2:0:1: asynchronous
[    6.080380] sd 2:0:0:0: [sda] 20971520 512-byte logical blocks: (10.7 GB/10.0 GiB)
[    6.085948] sd 2:0:0:0: Attached scsi generic sg0 type 0
[    6.109619] sd 2:0:0:0: [sda] Write Protect is off
[    6.110285] sd 2:0:1:0: Attached scsi generic sg1 type 0
[    6.111739] sd 2:0:1:0: [sdb] 20480 512-byte logical blocks: (10.5 MB/10.0 MiB)
[    6.115356] sd 2:0:1:0: [sdb] Write Protect is off
[    6.115454] sd 2:0:1:0: [sdb] Incomplete mode parameter data
[    6.115456] sd 2:0:1:0: [sdb] Assuming drive cache: write through
[    6.128458] sd 2:0:1:0: [sdb] Attached SCSI disk
[    6.145427] sd 2:0:0:0: [sda] Incomplete mode parameter data
[    6.155465] sd 2:0:0:0: [sda] Assuming drive cache: write through
[    6.167784]  sda: sda1
[    6.174662] sd 2:0:0:0: [sda] Attached SCSI disk
Begin: Loading essential drivers ... [    7.524627] md: linear personality registered for level -1
[    7.533488] md: multipath personality registered for level -4
[    7.542571] md: raid0 personality registered for level 0
[    7.552414] md: raid1 personality registered for level 1
[    7.626740] raid6: sse2x1   gen()  9620 MB/s
[    7.702726] raid6: sse2x1   xor()  6780 MB/s
[    7.770744] raid6: sse2x2   gen() 12414 MB/s
[    7.846744] raid6: sse2x2   xor()  8054 MB/s
[    7.914747] raid6: sse2x4   gen() 10305 MB/s
[    7.982742] raid6: sse2x4   xor()  8949 MB/s
[    8.058766] raid6: avx2x1   gen() 17860 MB/s
[    8.130761] raid6: avx2x2   gen() 20673 MB/s
[    8.202727] raid6: avx2x4   gen() 24024 MB/s
[    8.203980] raid6: using algorithm avx2x4 gen() 24024 MB/s
[    8.205379] raid6: using avx2x2 recovery algorithm
[    8.208157] xor: automatically using best checksumming function:
[    8.267243]    avx       : 25533.000 MB/sec
[    8.276481] async_tx: api initialized (async)
[    8.295641] md: raid6 personality registered for level 6
[    8.302480] md: raid5 personality registered for level 5
[    8.303534] md: raid4 personality registered for level 4
[    8.310851] md: raid10 personality registered for level 10
done.
Begin: Running /scripts/init-premount ... done.
Begin: Mounting root file system[    8.342760] Btrfs loaded
 ... Begin: Running /scripts/local-top ... done.
Begin: Running /scripts/local-premount ... Scanning for Btrfs filesystems
done.
Warning: fsck not present, so skipping root file system
[    8.437507] EXT4-fs (sda1): INFO: recovery required on readonly filesystem
[    8.455669] EXT4-fs (sda1): write access will be enabled during recovery
[    9.471239] random: nonblocking pool is initialized
[    9.583727] EXT4-fs (sda1): recovery complete
[   10.024971] EXT4-fs (sda1): mounted filesystem with ordered data mode. Opts: (null)
done.
Begin: Running /scripts/local-bottom ... done.
Begin: Running /scripts/init-bottom ... done.
[   11.712086] systemd[1]: systemd 229 running in system mode. (+PAM +AUDIT +SELINUX +IMA +APPARMOR +SMACK +SYSVINIT +UTMP +LIBCRYPTSETUP +GCRYPT +GNUTLS +ACL +XZ -LZ4 +SECCOMP +BLKID +ELFUTILS +KMOD -IDN)
[   11.739136] systemd[1]: Detected virtualization oracle.
[   11.746176] systemd[1]: Detected architecture x86-64.

Welcome to [1mUbuntu 16.04.6 LTS[0m!

[   12.430129] systemd[1]: Set hostname to <ubuntu-xenial>.
[   13.847340] systemd[1]: Listening on udev Kernel Socket.
[[0;32m  OK  [0m] Listening on udev Kernel Socket.
[   13.868499] systemd[1]: Set up automount Arbitrary Executable File Formats File System Automount Point.
[[0;32m  OK  [0m] Set up automount Arbitrary Executab...ats File System Automount Point.
[   13.891175] systemd[1]: Listening on /dev/initctl Compatibility Named Pipe.
[[0;32m  OK  [0m] Listening on /dev/initctl Compatibility Named Pipe.
[   14.011067] systemd[1]: Reached target Swap.
[[0;32m  OK  [0m] Reached target Swap.
[   14.055752] systemd[1]: Listening on Journal Socket (/dev/log).
[[0;32m  OK  [0m] Listening on Journal Socket (/dev/log).
[   14.081972] systemd[1]: Listening on Journal Audit Socket.
[[0;32m  OK  [0m] Listening on Journal Audit Socket.
[   14.117241] systemd[1]: Listening on Journal Socket.
[[0;32m  OK  [0m] Listening on Journal Socket.
[   14.127107] systemd[1]: Reached target System Time Synchronized.
[[0;32m  OK  [0m] Reached target System Time Synchronized.
[   14.144295] systemd[1]: Listening on udev Control Socket.
[[0;32m  OK  [0m] Listening on udev Control Socket.
[   14.172480] systemd[1]: Started Trigger resolvconf update for networkd DNS.
[[0;32m  OK  [0m] Started Trigger resolvconf update for networkd DNS.
[   14.195893] systemd[1]: Listening on Device-mapper event daemon FIFOs.
[[0;32m  OK  [0m] Listening on Device-mapper event daemon FIFOs.
[   14.230965] systemd[1]: Reached target Encrypted Volumes.
[[0;32m  OK  [0m] Reached target Encrypted Volumes.
[   14.296508] systemd[1]: Listening on LVM2 poll daemon socket.
[[0;32m  OK  [0m] Listening on LVM2 poll daemon socket.
[   14.327598] systemd[1]: Created slice System Slice.
[[0;32m  OK  [0m] Created slice System Slice.
[   14.383155] systemd[1]: Starting Create list of required static device nodes for the current kernel...
         Starting Create list of required st... nodes for the current kernel...
[   14.435075] systemd[1]: Starting Set console keymap...
         Starting Set console keymap...
[   14.530901] systemd[1]: Mounting POSIX Message Queue File System...
         Mounting POSIX Message Queue File System...
[   14.541801] systemd[1]: Starting Nameserver information manager...
         Starting Nameserver information manager...
[   14.583185] systemd[1]: Mounting Huge Pages File System...
         Mounting Huge Pages File System...
[   14.625029] systemd[1]: Starting Remount Root and Kernel File Systems...
[   14.636354] EXT4-fs (sda1): re-mounted. Opts: (null)
         Starting Remount Root and Kernel File Systems...
[   14.675003] systemd[1]: Starting Load Kernel Modules...
         Starting Load Kernel Modules...
[   14.719101] Loading iSCSI transport class v2.0-870.
[   14.728343] systemd[1]: Created slice system-serial\x2dgetty.slice.
[[0;32m  OK  [0m] Created slice system-serial\x2dgetty.slice.
[   14.742979] systemd[1]: Starting Uncomplicated firewall...
[   14.770309] iscsi: registered transport (tcp)
         Starting Uncomplicated firewall...
[   14.780307] systemd[1]: Mounting Debug File System...
         Mounting Debug File System...
[   14.783153] systemd[1]: Listening on Syslog Socket.
[[0;32m  OK  [0m] Listening on Syslog Socket.
[   14.787026] systemd[1]: Listening on LVM2 metadata daemon socket.
[[0;32m  OK  [0m] Listening on LVM2 metadata daemon socket.
[   14.809966] systemd[1]: Starting Monitoring of LVM2 mirrors, snapshots etc. using dmeventd or progress polling...
         Starting Monitoring of LVM2 mirrors... dmeventd or progress polling...
[   14.821305] systemd[1]: Starting Journal Service...
         Starting Journal Service...
[   14.825937] systemd[1]: Reached target User and Group Name Lookups.
[[0;32m  OK  [0m] Reached target User and Group Name Lookups.
[   14.901620] systemd[1]: Created slice User and Session Slice.
[[0;32m  OK  [0m] Created slice User and Session Slice.
[   14.929419] systemd[1]: Reached target Slices.
[[0;32m  OK  [0m] Reached target Slices.
[   14.936357] systemd[1]: Started Forward Password Requests to Wall Directory Watch.
[   14.966762] iscsi: registered transport (iser)
[[0;32m  OK  [0m] Started Forward Password Requests to Wall Directory Watch.
[   15.4623] systemd[1]: Mounted POSIX Message Queue File System.

[[0;32m  OK  [0m] Mounted POSIX Message Queue File System.
[   15.103386] systemd[1]: Mounted Huge Pages File System.
[[0;32m  OK  [0m] Mounted Huge Pages File System.
[   15.119540] systemd[1]: Mounted Debug File System.
[[0;32m  OK  [0m] Mounted Debug File System.
[   15.123549] systemd[1]: Started Journal Service.
[[0;32m  OK  [0m] Started Journal Service.
[[0;32m  OK  [0m] Started Create list of required sta...ce nodes for the current kernel.
[[0;32m  OK  [0m] Started Set console keymap.
[[0;32m  OK  [0m] Started Remount Root and Kernel File Systems.
[[0;32m  OK  [0m] Started Load Kernel Modules.
[[0;32m  OK  [0m] Started Uncomplicated firewall.
[[0;32m  OK  [0m] Started Nameserver information manager.
[[0;32m  OK  [0m] Started LVM2 metadata daemon.
         Mounting FUSE Control File System...
         Starting Apply Kernel Variables...
         Starting udev Coldplug all Devices...
         Starting Load/Save Random Seed...
         Starting Create Static Device Nodes in /dev...
         Starting Flush Journal to Persistent Storage...
[[0;32m  OK  [0m] Mounted FUSE Control File System.
[[0;32m  OK  [0m] Started Apply Kernel Variables.
[[0;32m  OK  [0m] Started Load/Save Random Seed.
[[0;32m  OK  [0m] Started udev Coldplug all Devices.
[[0;32m  OK  [0m] Started Flush Journal to Persistent Storage.
[[0;32m  OK  [0m] Started Create Static Device Nodes in /dev.
         Starting udev Kernel Device Manager...
[[0;32m  OK  [0m] Started Monitoring of LVM2 mirrors,...ng dmeventd or progress polling.
[[0;32m  OK  [0m] Reached target Local File Systems (Pre).
[[0;32m  OK  [0m] Reached target Local File Systems.
         Starting Create Volatile Files and Directories...
         Starting Tell Plymouth To Write Out Runtime Data...
         Starting LSB: AppArmor initialization...
         Starting Set console font and keymap...
         Starting Initial cloud-init job (pre-networking)...
[[0;32m  OK  [0m] Started udev Kernel Device Manager.
[[0;32m  OK  [0m] Started Create Volatile Files and Directories.
         Starting Update UTMP about System Boot/Shutdown...
[[0;32m  OK  [0m] Started Dispatch Password Requests to Console Directory Watch.
[[0;32m  OK  [0m] Started Tell Plymouth To Write Out Runtime Data.
[[0;32m  OK  [0m] Started Update UTMP about System Boot/Shutdown.
[[0;32m  OK  [0m] Found device /dev/ttyS0.
[[0;32m  OK  [0m] Listening on Load/Save RF Kill Switch Status /dev/rfkill Watch.
[[0;32m  OK  [0m] Found device 82540EM Gigabit Ethern...r (PRO/1000 MT Desktop Adapter).
[[0;32m  OK  [0m] Started LSB: AppArmor initialization.
[[0;32m  OK  [0m] Started Set console font and keymap.
[[0;32m  OK  [0m] Created slice system-getty.slice.
[   18.639993] cloud-init[487]: Cloud-init v. 19.4-33-gbb4131a2-0ubuntu1~16.04.1 running 'init-local' at Sat, 09 May 2020 07:34:51 +0000. Up 18.12 seconds.
[[0;32m  OK  [0m] Started Initial cloud-init job (pre-networking).
[[0;32m  OK  [0m] Reached target Network (Pre).
         Starting Raise network interfaces...
[[0;32m  OK  [0m] Started ifup for enp0s3.
[[0;32m  OK  [0m] Started Raise network interfaces.
         Starting Initial cloud-init job (metadata service crawler)...
[[0;32m  OK  [0m] Reached target Network.
[   19.756447] cloud-init[979]: Cloud-init v. 19.4-33-gbb4131a2-0ubuntu1~16.04.1 running 'init' at Sat, 09 May 2020 07:34:52 +0000. Up 19.29 seconds.
[   19.760107] cloud-init[979]: ci-info: ++++++++++++++++++++++++++++++++++++++Net device info++++++++++++++++++++++++++++++++++++++
[   19.762899] cloud-init[979]: ci-info: +--------+------+----------------------------+---------------+--------+-------------------+
[   19.827549] cloud-init[979]: ci-info: | Device |  Up  |          Address           |      Mask     | Scope  |     Hw-Address    |
[   19.892496] cloud-init[979]: ci-info: +--------+------+----------------------------+---------------+--------+-------------------+
[[0;32m  OK  [0m] Started Initial cloud-init job (metadata service crawler).
[[0;32m  OK  [0m] Reached target System Initialization.
[   19.928357] cloud-init[979]: ci-info: | enp0s3 | True |         10.0.2.15          | 255.255.255.0 | global | 02:7c:3b:f4:17:68 |
[   19.981999] cloud-init[979]: ci-info: | enp0s3 | True | fe80::7c:3bff:fef4:1768/64 |       .       |  link  | 02:7c:3b:f4:17:68 |
[[0;32m  OK  [0m] Listening on D-Bus System Message Bus Socket.
         Starting LXD - unix socket.
[   19.987482] cloud-init[979]: ci-info: |   lo   | True |         127.0.0.1          |   255.0.0.0   |  host  |         .         |
[   20.003275] cloud-init[979]: ci-info: |   lo   | True |          ::1/128           |       .       |  host  |         .         |
[   20.003712] cloud-init[979]: ci-info: +--------+------+----------------------------+---------------+--------+-------------------+
[   20.004097] cloud-init[979]: ci-info: +++++++++++++++++++++++++++Route IPv4 info++++++++++++++++++++++++++++
[[0;32m  OK  [0m] Listening on UUID daemon activation socket.
[   20.009948] cloud-init[979]: ci-info: +-------+-------------+----------+---------------+-----------+-------+
[   20.067275] cloud-init[979]: ci-info: | Route | Destination | Gateway  |    Genmask    | Interface | Flags |
[   20.073162] cloud-init[979]: ci-info: +-------+-------------+----------+---------------+-----------+-------+
[   20.095767] cloud-init[979]: ci-info: |   0   |   0.0.0.0   | 10.0.2.2 |    0.0.0.0    |   enp0s3  |   UG  |
[   20.154721] cloud-init[979]: ci-info: |   1   |   10.0.2.0  | 0.0.0.0  | 255.255.255.0 |   enp0s3  |   U   |
[[0;32m  OK  [0m] Started ACPI Events Check.
[   20.155431] cloud-init[979]: ci-info: +-------+-------------+----------+---------------+-----------+-------+
[[   20.341365] cloud-init[979]: ci-info: +++++++++++++++++++Route IPv6 info+++++++++++++++++++
[0;32m  OK  [0m] [   20.341863] Reached target Paths.cloud-init
[979]: ci-info: +-------+-------------+---------+-----------+-------+
[   20.341935] cloud-init[979]: ci-info: | Route | Destination | Gateway | Interface | Flags |
[   20.500525] cloud-init[979]: ci-info: +-------+-------------+---------+-----------+-------+
[   20.500800] cloud-init[979]: ci-info: |   0   |  fe80::/64  |    ::   |   enp0s3  |   U   |
[   20.501010] cloud-init[979]: ci-info: |   3   |   ff00::/8  |    ::   |   enp0s3  |   U   |
[   20.501188] cloud-init[979]: ci-info: +-------+-------------+---------+-----------+-------+
[[0;32m  OK  [0m] Started Daily apt download activities.
[[0;32m  OK  [0m] Started Daily apt upgrade and clean activities.
[[0;32m  OK  [0m] Started Message of the Day.
         Starting Socket activation for snappy daemon.
[[0;32m  OK  [0m] Listening on ACPID Listen Socket.
[[0;32m  OK  [0m] Started Daily Cleanup of Temporary Directories.
[[0;32m  OK  [0m] Reached target Timers.
[[0;32m  OK  [0m] Reached target Network is Online.
         Starting iSCSI initiator daemon (iscsid)...
[[0;32m  OK  [0m] Reached target Cloud-config availability.
[[0;32m  OK  [0m] Listening on LXD - unix socket.
[[0;32m  OK  [0m] Listening on Socket activation for snappy daemon.
[[0;32m  OK  [0m] Reached target Sockets.
[[0;32m  OK  [0m] Reached target Basic System.
[[0;32m  OK  [0m] Started FUSE filesystem for LXC.
         Starting Login Service...
         Starting LSB: MD monitoring daemon...
[[0;32m  OK  [0m] Started D-Bus System Message Bus.
         Starting Message of the Day...
         Starting /etc/rc.local Compatibility...
         Starting Snappy daemon...
[[0;32m  OK  [0m] Started Deferred execution scheduler.
         Starting OpenBSD Secure Shell server...
         Starting LSB: Record successful boot for GRUB...
         Starting Accounts Service...
         Starting System Logging Service...
[[0;32m  OK  [0m] Started ACPI event daemon.
[[0;32m  OK  [0m] Started Regular background program processing daemon.
         Starting Virtualbox guest utils...
         Starting LXD - container startup/shutdown...
[[0;32m  OK  [0m] Started /etc/rc.local Compatibility.
[[0;32m  OK  [0m] Started Login Service.
[[0;32m  OK  [0m] Started Unattended Upgrades Shutdown.
[[0;32m  OK  [0m] Started iSCSI initiator daemon (iscsid).
         Starting Login to default iSCSI targets...
[[0;32m  OK  [0m] Started LSB: MD monitoring daemon.
[[0;32m  OK  [0m] Started LSB: Record successful boot for GRUB.
[[0;32m  OK  [0m] Started Login to default iSCSI targets.
[[0;32m  OK  [0m] Reached target Remote File Systems (Pre).
[[0;32m  OK  [0m] Reached target Remote File Systems.
         Starting LSB: daemon to balance interrupts for SMP systems...
         Starting LSB: Set the CPU Frequency Scaling governor to "ondemand"...
         Starting LSB: automatic crash report generation...
         Starting Permit User Sessions...
[[0;32m  OK  [0m] Started LSB: Set the CPU Frequency Scaling governor to "ondemand".
[[0;32m  OK  [0m] Started Permit User Sessions.
         Starting Terminate Plymouth Boot Screen...
         Starting Hold until boot process finishes up...
[[0;32m  OK  [0m] Started Terminate Plymouth Boot Screen.
[[0;32m  OK  [0m] Started Hold until boot process finishes up.
[[0;32m  OK  [0m] Started Serial Getty on ttyS0.
[[0;32m  OK  [0m] Started Getty on tty1.
[[0;32m  OK  [0m] Reached target Login Prompts.
         Starting Set console scheme...
[[0;32m  OK  [0m] Started System Logging Service.
[[0;32m  OK  [0m] Started Set console scheme.
[[0;32m  OK  [0m] Started LSB: automatic crash report generation.
[[0;32m  OK  [0m] Started LSB: daemon to balance interrupts for SMP systems.
[[0;32m  OK  [0m] Started Virtualbox guest utils.
[[0;32m  OK  [0m] Started OpenBSD Secure Shell server.
         Starting Authenticate and Authorize Users to Run Privileged Tasks...
[[0;32m  OK  [0m] Started Authenticate and Authorize Users to Run Privileged Tasks.
[[0;32m  OK  [0m] Started Accounts Service.
[[0;32m  OK  [0m] Started LXD - container startup/shutdown.
[[0;32m  OK  [0m] Started Snappy daemon.
         Starting Wait until snapd is fully seeded...
[[0;32m  OK  [0m] Started Wait until snapd is fully seeded.
[[0;32m  OK  [0m] Reached target Multi-User System.
[[0;32m  OK  [0m] Reached target Graphical Interface.
         Starting Update UTMP about System Runlevel Changes...
         Starting Apply the settings specified in cloud-config...
[[0;32m  OK  [0m] Started Update UTMP about System Runlevel Changes.
[   25.333863] cloud-init[1264]: Cloud-init v. 19.4-33-gbb4131a2-0ubuntu1~16.04.1 running 'modules:config' at Sat, 09 May 2020 07:34:58 +0000. Up 25.22 seconds.
[[0;32m  OK  [0m] Started Apply the settings specified in cloud-config.
         Starting Execute cloud user/final scripts...
[   25.794158] cloud-init[1274]: Cloud-init v. 19.4-33-gbb4131a2-0ubuntu1~16.04.1 running 'modules:final' at Sat, 09 May 2020 07:34:58 +0000. Up 25.69 seconds.
[   25.906221] cloud-init[1274]: Cloud-init v. 19.4-33-gbb4131a2-0ubuntu1~16.04.1 finished at Sat, 09 May 2020 07:34:58 +0000. Datasource DataSourceNoCloud [seed=/dev/sdb][dsmode=net].  Up 25.78 seconds
[[0;32m  OK  [0m] Started Execute cloud user/final scripts.
[[0;32m  OK  [0m] Reached target Cloud-init target.
         Starting Daily apt download activities...
[[0;32m  OK  [0m] Created slice User Slice of vagrant.
         Starting User Manager for UID 1000...
[[0;32m  OK  [0m] Started Session 1 of user vagrant.
[[0;32m  OK  [0m] Started User Manager for UID 1000.

Ubuntu 16.04.6 LTS ubuntu-xenial ttyS0

ubuntu-xenial login: 